[2022-04-20 15:33:14]	[done]
	build successfully !

[2022-04-20 15:34:16]	[done]
	build successfully !

[2022-04-20 15:35:28]	[done]
	build successfully !

[2022-04-20 15:37:32]	link failed !, exit code: 1
  at unify_builder.Program.Main (System.String[] args) [0x01a98] in <82200d7cd0cf4a279c5fb9fc299a656f>:0 
---
Error: L6218E: Undefined symbol lv_theme_night_init (referred from main.o).
Error: L6218E: Undefined symbol lv_theme_set_current (referred from main.o).
Not enough information to list image symbols.
Finished: 1 information, 0 warning and 2 error messages.


[2022-04-20 15:38:13]	[done]
	build successfully !

[2022-04-20 15:49:25]	compilation failed at : "h:\STM32\STM32F407ZGT6蓼전쯲療쯒Stm32F4_Lvgl_touch\src\USER\main.c", exit code: 1
  at unify_builder.Program.Main (System.String[] args) [0x018f4] in <82200d7cd0cf4a279c5fb9fc299a656f>:0 
---
".\src\USER\main.c", line 58: Error:  #20: identifier "buf" is undefined
          		 sprintf(buf,"x:%d, y:%d ",tp_dev.x[0],tp_dev.y[0]);
          		         ^
.\src\USER\main.c: 0 warnings, 1 error

[2022-04-20 15:49:48]	[done]
	build successfully !

[2022-04-24 11:50:16]	[done]
	build successfully !

[2022-04-24 11:59:48]	[done]
	build successfully !

[2022-04-24 12:00:04]	[done]
	build successfully !

[2022-04-24 13:39:42]	[done]
	build successfully !

[2022-04-24 13:40:01]	[done]
	build successfully !

[2022-04-24 13:40:27]	[done]
	build successfully !

[2022-04-24 13:41:38]	compilation failed at : "h:\STM32\STM32F407ZGT6蓼전쯲療쯒Stm32F4_Lvgl_touch\src\HARDWARE\material.c", exit code: 1
  at unify_builder.Program.Main (System.String[] args) [0x018f4] in <82200d7cd0cf4a279c5fb9fc299a656f>:0 
---
".\src\HARDWARE\material.c", line 10: Error:  #20: identifier "led1" is undefined
          led1=!led1;
          ^
".\src\HARDWARE\material.c", line 14: Error:  #65: expected a ";"
  {
  ^
".\src\HARDWARE\material.c", line 25: Warning: At end of source:  #12-D: parsing restarts here after previous syntax error
".\src\HARDWARE\material.c", line 25: Error: At end of source:  #67: expected a "}"
".\src\HARDWARE\material.c", line 7: Warning:  #177-D: function "event_handler"  was declared but never referenced
  static void event_handler(lv_obj_t * obj, lv_event_t event)
              ^
.\src\HARDWARE\material.c: 2 warnings, 3 errors

[2022-04-24 13:41:41]	compilation failed at : "h:\STM32\STM32F407ZGT6蓼전쯲療쯒Stm32F4_Lvgl_touch\src\HARDWARE\material.c", exit code: 1
  at unify_builder.Program.Main (System.String[] args) [0x018f4] in <82200d7cd0cf4a279c5fb9fc299a656f>:0 
---
".\src\HARDWARE\material.c", line 10: Error:  #20: identifier "led1" is undefined
          led1=!led1;
          ^
".\src\HARDWARE\material.c", line 14: Error:  #65: expected a ";"
  {
  ^
".\src\HARDWARE\material.c", line 25: Warning: At end of source:  #12-D: parsing restarts here after previous syntax error
".\src\HARDWARE\material.c", line 25: Error: At end of source:  #67: expected a "}"
".\src\HARDWARE\material.c", line 7: Warning:  #177-D: function "event_handler"  was declared but never referenced
  static void event_handler(lv_obj_t * obj, lv_event_t event)
              ^
.\src\HARDWARE\material.c: 2 warnings, 3 errors

[2022-04-24 13:42:30]	compilation failed at : "h:\STM32\STM32F407ZGT6蓼전쯲療쯒Stm32F4_Lvgl_touch\src\HARDWARE\material.c", exit code: 1
  at unify_builder.Program.Main (System.String[] args) [0x018f4] in <82200d7cd0cf4a279c5fb9fc299a656f>:0 
---
".\src\HARDWARE\material.c", line 10: Warning:  #223-D: function "PFout" declared implicitly
          LED1=!LED1;
          ^
".\src\HARDWARE\material.c", line 10: Error:  #137: expression must be a modifiable lvalue
          LED1=!LED1;
          ^
".\src\HARDWARE\material.c", line 14: Error:  #65: expected a ";"
  {
  ^
".\src\HARDWARE\material.c", line 25: Warning: At end of source:  #12-D: parsing restarts here after previous syntax error
".\src\HARDWARE\material.c", line 25: Error: At end of source:  #67: expected a "}"
".\src\HARDWARE\material.c", line 7: Warning:  #177-D: function "event_handler"  was declared but never referenced
  static void event_handler(lv_obj_t * obj, lv_event_t event)
              ^
.\src\HARDWARE\material.c: 3 warnings, 3 errors

[2022-04-24 13:43:53]	compilation failed at : "h:\STM32\STM32F407ZGT6蓼전쯲療쯒Stm32F4_Lvgl_touch\src\HARDWARE\material.c", exit code: 1
  at unify_builder.Program.Main (System.String[] args) [0x018f4] in <82200d7cd0cf4a279c5fb9fc299a656f>:0 
---
".\src\HARDWARE\material.c", line 14: Error:  #65: expected a ";"
  {
  ^
".\src\HARDWARE\material.c", line 25: Warning: At end of source:  #12-D: parsing restarts here after previous syntax error
".\src\HARDWARE\material.c", line 25: Error: At end of source:  #67: expected a "}"
".\src\HARDWARE\material.c", line 7: Warning:  #177-D: function "event_handler"  was declared but never referenced
  static void event_handler(lv_obj_t * obj, lv_event_t event)
              ^
.\src\HARDWARE\material.c: 2 warnings, 2 errors

[2022-04-24 13:44:08]	[done]
	build successfully !

[2022-04-24 14:40:29]	[done]
	build successfully !

[2022-04-24 14:49:41]	[done]
	build successfully !

[2022-04-24 14:50:33]	[done]
	build successfully !

[2022-04-24 14:51:04]	[done]
	build successfully !

[2022-04-24 14:51:14]	[done]
	build successfully !

[2022-04-24 14:54:55]	compilation failed at : "h:\STM32\STM32F407ZGT6蓼전쯲療쯒Stm32F4_Lvgl_touch\src\HARDWARE\material.c", exit code: 1
  at unify_builder.Program.Main (System.String[] args) [0x018f4] in <82200d7cd0cf4a279c5fb9fc299a656f>:0 
---
".\src\HARDWARE\material.c", line 75: Error:  #20: identifier "lv_font_montserrat_20" is undefined
      lv_style_set_text_font(&font_style, LV_STATE_DEFAULT, &lv_font_montserrat_20);
                                                             ^
.\src\HARDWARE\material.c: 0 warnings, 1 error

[2022-04-24 14:55:21]	[done]
	build successfully !

[2022-04-24 14:56:34]	[done]
	build successfully !

[2022-04-24 14:56:43]	[done]
	build successfully !

[2022-04-24 14:57:41]	compilation failed at : "h:\STM32\STM32F407ZGT6蓼전쯲療쯒Stm32F4_Lvgl_touch\src\HARDWARE\material.c", exit code: 1
  at unify_builder.Program.Main (System.String[] args) [0x018f4] in <82200d7cd0cf4a279c5fb9fc299a656f>:0 
---
".\src\HARDWARE\material.c", line 41: Warning:  #223-D: function "button_init" declared implicitly
      button_init();
      ^
".\src\HARDWARE\material.c", line 42: Warning:  #223-D: function "messege_show" declared implicitly
      messege_show();
      ^
".\src\HARDWARE\material.c", line 54: Error:  #159: declaration is incompatible with previous "button_init"  (declared at line 41)
  static void button_init(void)
              ^
".\src\HARDWARE\material.c", line 78: Error:  #159: declaration is incompatible with previous "messege_show"  (declared at line 42)
  static void messege_show(void)
              ^
".\src\HARDWARE\material.c", line 54: Warning:  #177-D: function "button_init"  was declared but never referenced
  static void button_init(void)
              ^
".\src\HARDWARE\material.c", line 78: Warning:  #177-D: function "messege_show"  was declared but never referenced
  static void messege_show(void)
              ^
.\src\HARDWARE\material.c: 4 warnings, 2 errors

[2022-04-24 14:58:16]	compilation failed at : "h:\STM32\STM32F407ZGT6蓼전쯲療쯒Stm32F4_Lvgl_touch\src\HARDWARE\material.c", exit code: 1
  at unify_builder.Program.Main (System.String[] args) [0x018f4] in <82200d7cd0cf4a279c5fb9fc299a656f>:0 
---
".\src\HARDWARE\material.c", line 41: Warning:  #223-D: function "button_init" declared implicitly
      button_init();
      ^
".\src\HARDWARE\material.c", line 42: Warning:  #223-D: function "messege_show" declared implicitly
      messege_show();
      ^
".\src\HARDWARE\material.c", line 80: Error:  #159: declaration is incompatible with previous "button_init"  (declared at line 41)
  static void button_init(void)
              ^
".\src\HARDWARE\material.c", line 104: Error:  #159: declaration is incompatible with previous "messege_show"  (declared at line 42)
  static void messege_show(void)
              ^
".\src\HARDWARE\material.c", line 80: Warning:  #177-D: function "button_init"  was declared but never referenced
  static void button_init(void)
              ^
".\src\HARDWARE\material.c", line 104: Warning:  #177-D: function "messege_show"  was declared but never referenced
  static void messege_show(void)
              ^
.\src\HARDWARE\material.c: 4 warnings, 2 errors

[2022-04-24 14:58:46]	compilation failed at : "h:\STM32\STM32F407ZGT6蓼전쯲療쯒Stm32F4_Lvgl_touch\src\USER\main.c", exit code: 1
  at unify_builder.Program.Main (System.String[] args) [0x018f4] in <82200d7cd0cf4a279c5fb9fc299a656f>:0 
---
".\src\HARDWARE\material.h", line 7: Error:  #114: function "background_init"  was referenced but not defined
  static void background_init(void);
              ^
.\src\USER\main.c: 0 warnings, 1 error

[2022-04-24 14:59:13]	compilation failed at : "h:\STM32\STM32F407ZGT6蓼전쯲療쯒Stm32F4_Lvgl_touch\src\USER\main.c", exit code: 1
  at unify_builder.Program.Main (System.String[] args) [0x018f4] in <82200d7cd0cf4a279c5fb9fc299a656f>:0 
---
".\src\HARDWARE\material.h", line 7: Error:  #114: function "background_init"  was referenced but not defined
  static void background_init(void);
              ^
.\src\USER\main.c: 0 warnings, 1 error

[2022-04-24 14:59:20]	link failed !, exit code: 1
  at unify_builder.Program.Main (System.String[] args) [0x01a98] in <82200d7cd0cf4a279c5fb9fc299a656f>:0 
---
Error: L6218E: Undefined symbol background_init (referred from main.o).
Not enough information to list image symbols.
Finished: 1 information, 0 warning and 1 error messages.


[2022-04-24 14:59:50]	[done]
	build successfully !

[2022-04-24 15:00:18]	[done]
	build successfully !

[2022-04-24 15:01:32]	[done]
	build successfully !

[2022-04-24 15:04:54]	[done]
	build successfully !

[2022-04-24 15:05:30]	[done]
	build successfully !

[2022-04-24 15:07:08]	[done]
	build successfully !

[2022-04-24 15:07:15]	[done]
	build successfully !

[2022-04-24 15:13:01]	[done]
	build successfully !

[2022-04-24 15:14:02]	[done]
	build successfully !

[2022-04-24 15:14:44]	[done]
	build successfully !

[2022-04-24 15:14:53]	[done]
	build successfully !

[2022-04-24 15:15:18]	[done]
	build successfully !

[2022-04-24 15:15:43]	[done]
	build successfully !

[2022-04-24 15:19:34]	[done]
	build successfully !

[2022-04-24 15:32:16]	[done]
	build successfully !

[2022-04-24 15:32:39]	[done]
	build successfully !

[2022-04-24 15:33:09]	[done]
	build successfully !

[2022-04-24 15:33:40]	[done]
	build successfully !

[2022-04-24 15:34:01]	[done]
	build successfully !

[2022-04-24 15:34:37]	[done]
	build successfully !

[2022-04-24 15:36:06]	[done]
	build successfully !

[2022-04-24 15:36:13]	[done]
	build successfully !

[2022-04-24 15:36:50]	[done]
	build successfully !

[2022-04-24 15:37:00]	[done]
	build successfully !

[2022-04-24 15:37:22]	[done]
	build successfully !

[2022-04-24 15:41:19]	[done]
	build successfully !

[2022-04-24 15:43:31]	[done]
	build successfully !

[2022-04-24 15:44:56]	[done]
	build successfully !

[2022-04-24 15:53:08]	link failed !, exit code: 1
  at unify_builder.Program.Main (System.String[] args) [0x01a98] in <82200d7cd0cf4a279c5fb9fc299a656f>:0 
---
Error: L6200E: Symbol lv_ex_keyboard_1 multiply defined (by input.o and LVGL_test.o).
Not enough information to list image symbols.
Not enough information to list the image map.
Finished: 2 information, 0 warning and 1 error messages.


[2022-04-24 15:53:46]	[done]
	build successfully !

[2022-04-24 15:54:49]	[done]
	build successfully !

[2022-04-24 15:55:29]	[done]
	build successfully !

[2022-04-24 15:55:49]	[done]
	build successfully !

[2022-04-24 15:56:11]	[done]
	build successfully !

[2022-04-24 15:57:27]	[done]
	build successfully !

[2022-04-24 15:58:01]	[done]
	build successfully !

[2022-04-24 15:58:34]	[done]
	build successfully !

[2022-04-24 15:59:46]	[done]
	build successfully !

[2022-04-24 16:00:08]	[done]
	build successfully !

[2022-04-24 16:01:00]	[done]
	build successfully !

[2022-04-24 16:01:45]	[done]
	build successfully !

[2022-04-24 16:02:12]	[done]
	build successfully !

[2022-04-24 16:02:50]	[done]
	build successfully !

[2022-04-24 16:03:24]	[done]
	build successfully !

[2022-04-24 16:03:54]	[done]
	build successfully !

[2022-04-24 16:04:35]	[done]
	build successfully !

[2022-04-24 16:07:33]	[done]
	build successfully !

[2022-04-24 16:07:50]	[done]
	build successfully !

[2022-04-24 16:08:52]	[done]
	build successfully !

[2022-04-24 16:11:33]	[done]
	build successfully !

[2022-04-24 16:11:41]	[done]
	build successfully !

[2022-04-24 16:12:39]	[done]
	build successfully !

[2022-04-24 16:13:19]	[done]
	build successfully !

[2022-04-24 16:13:39]	[done]
	build successfully !

[2022-04-24 16:15:43]	[done]
	build successfully !

[2022-04-24 16:16:25]	[done]
	build successfully !

[2022-04-24 16:17:21]	[done]
	build successfully !

[2022-04-24 16:18:31]	[done]
	build successfully !

[2022-04-24 16:18:57]	[done]
	build successfully !

[2022-04-24 16:19:19]	[done]
	build successfully !

[2022-04-24 16:19:32]	[done]
	build successfully !

[2022-04-24 16:25:16]	compilation failed at : "h:\STM32\STM32F407ZGT6蓼전쯲療쯒Stm32F4_Lvgl_touch\src\USER\input.c", exit code: 1
  at unify_builder.Program.Main (System.String[] args) [0x018f4] in <82200d7cd0cf4a279c5fb9fc299a656f>:0 
---
".\src\USER\input.c", line 34: Error:  #513: a value of type "const char *" cannot be assigned to an entity of type "char *"
          buf = lv_textarea_get_text(ta);
              ^
.\src\USER\input.c: 0 warnings, 1 error

[2022-04-24 16:27:29]	compilation failed at : "h:\STM32\STM32F407ZGT6蓼전쯲療쯒Stm32F4_Lvgl_touch\src\USER\input.c", exit code: 1
  at unify_builder.Program.Main (System.String[] args) [0x018f4] in <82200d7cd0cf4a279c5fb9fc299a656f>:0 
---
".\src\USER\input.c", line 35: Error:  #167: argument of type "char *" is incompatible with parameter of type "const char **"
          lv_keyboard_set_map(kb, LV_KEYBOARD_MODE_SPECIAL, buf);
                                                            ^
.\src\USER\input.c: 0 warnings, 1 error

[2022-04-24 16:39:13]	link failed !, exit code: 1
  at unify_builder.Program.Main (System.String[] args) [0x01a98] in <82200d7cd0cf4a279c5fb9fc299a656f>:0 
---
Error: L6200E: Symbol buf multiply defined (by main.o and input.o).
Not enough information to list image symbols.
Not enough information to list the image map.
Finished: 2 information, 0 warning and 1 error messages.


[2022-04-24 16:39:33]	[done]
	build successfully !

[2022-04-24 16:40:01]	[done]
	build successfully !

[2022-04-24 16:40:31]	[done]
	build successfully !

[2022-04-24 16:40:41]	[done]
	build successfully !

[2022-04-24 16:41:26]	[done]
	build successfully !

[2022-04-24 16:41:54]	[done]
	build successfully !

[2022-04-24 16:42:20]	[done]
	build successfully !

[2022-04-24 16:42:56]	[done]
	build successfully !

[2022-04-24 16:43:56]	[done]
	build successfully !

[2022-04-24 16:44:19]	[done]
	build successfully !

[2022-04-24 16:45:05]	[done]
	build successfully !

[2022-04-24 16:45:10]	[done]
	build successfully !

[2022-04-24 16:45:31]	[done]
	build successfully !

[2022-04-24 16:46:37]	[done]
	build successfully !

[2022-04-24 16:46:58]	[done]
	build successfully !

[2022-04-24 16:47:15]	[done]
	build successfully !

[2022-04-24 16:48:18]	[done]
	build successfully !

[2022-04-24 16:48:47]	[done]
	build successfully !

[2022-04-24 16:51:19]	compilation failed at : "h:\STM32\STM32F407ZGT6蓼전쯲療쯒Stm32F4_Lvgl_touch\src\USER\input.c", exit code: 1
  at unify_builder.Program.Main (System.String[] args) [0x018f4] in <82200d7cd0cf4a279c5fb9fc299a656f>:0 
---
".\src\USER\input.c", line 38: Error:  #20: identifier "lv_text" is undefined
          lv_text
          ^
".\src\USER\input.c", line 39: Error:  #65: expected a ";"
      }
      ^
.\src\USER\input.c: 0 warnings, 2 errors

[2022-04-24 16:51:30]	[done]
	build successfully !

[2022-04-24 16:52:12]	[done]
	build successfully !

[2022-04-24 16:52:32]	[done]
	build successfully !

[2022-04-24 16:52:54]	[done]
	build successfully !

[2022-04-24 16:53:02]	[done]
	build successfully !

[2022-04-24 16:53:37]	[done]
	build successfully !

[2022-04-24 16:54:06]	[done]
	build successfully !

[2022-04-24 16:54:29]	[done]
	build successfully !

[2022-04-24 16:54:57]	compilation failed at : "h:\STM32\STM32F407ZGT6蓼전쯲療쯒Stm32F4_Lvgl_touch\src\USER\input.c", exit code: 1
  at unify_builder.Program.Main (System.String[] args) [0x018f4] in <82200d7cd0cf4a279c5fb9fc299a656f>:0 
---
".\src\USER\input.c", line 38: Warning:  #174-D: expression has no effect
          lv_textarea_add_text(ta, str);9
                                        ^
".\src\USER\input.c", line 39: Error:  #65: expected a ";"
      }
      ^
.\src\USER\input.c: 1 warning, 1 error

[2022-04-24 16:55:02]	[done]
	build successfully !

[2022-04-24 17:00:57]	compilation failed at : "h:\STM32\STM32F407ZGT6蓼전쯲療쯒Stm32F4_Lvgl_touch\src\HARDWARE\manage.c", exit code: 1
  at unify_builder.Program.Main (System.String[] args) [0x018f4] in <82200d7cd0cf4a279c5fb9fc299a656f>:0 
---
".\src\HARDWARE\manage.c", line 9: Error:  #146: too many initializer values
  	{0, "CH32", 'C', "56KB+256KB"},
  	^
.\src\HARDWARE\manage.c: 0 warnings, 1 error

[2022-04-24 17:01:24]	[done]
	build successfully !

[2022-04-24 17:01:39]	[done]
	build successfully !

[2022-04-24 17:03:16]	[done]
	build successfully !

[2022-04-24 17:22:09]	[done]
	build successfully !

[2022-04-24 17:23:52]	compilation failed at : "h:\STM32\STM32F407ZGT6蓼전쯲療쯒Stm32F4_Lvgl_touch\src\HARDWARE\material.c", exit code: 1
  at unify_builder.Program.Main (System.String[] args) [0x018f4] in <82200d7cd0cf4a279c5fb9fc299a656f>:0 
---
".\src\HARDWARE\material.c", line 150: Error:  #167: argument of type "int" is incompatible with parameter of type "const char *restrict"
              strcat(buffer, '\n');
                             ^
.\src\HARDWARE\material.c: 0 warnings, 1 error

[2022-04-24 17:24:05]	[done]
	build successfully !

[2022-04-24 17:24:15]	[done]
	build successfully !

[2022-04-24 17:25:10]	[done]
	build successfully !

[2022-04-24 17:26:04]	[done]
	build successfully !

[2022-04-24 17:26:26]	[done]
	build successfully !

[2022-04-24 17:27:38]	[done]
	build successfully !

[2022-04-24 17:29:04]	[done]
	build successfully !

[2022-04-24 17:30:46]	[done]
	build successfully !

[2022-04-24 17:35:39]	[done]
	build successfully !

[2022-04-24 17:40:12]	[done]
	build successfully !

[2022-04-24 17:43:29]	[done]
	build successfully !

[2022-04-24 17:45:43]	[done]
	build successfully !

[2022-04-24 17:46:45]	[done]
	build successfully !

[2022-04-24 17:47:28]	[done]
	build successfully !

[2022-04-24 17:48:46]	[done]
	build successfully !

[2022-04-24 17:49:43]	[done]
	build successfully !

[2022-04-24 17:51:11]	[done]
	build successfully !

[2022-04-24 17:51:50]	[done]
	build successfully !

[2022-04-24 17:52:37]	[done]
	build successfully !

[2022-04-24 17:54:14]	[done]
	build successfully !

[2022-04-24 17:54:33]	[done]
	build successfully !

[2022-04-24 17:55:19]	[done]
	build successfully !

[2022-04-24 17:56:06]	[done]
	build successfully !

[2022-04-24 17:57:08]	[done]
	build successfully !

[2022-04-24 17:59:14]	[done]
	build successfully !

[2022-04-24 18:00:06]	[done]
	build successfully !

[2022-04-24 18:00:39]	compilation failed at : "h:\STM32\STM32F407ZGT6蓼전쯲療쯒Stm32F4_Lvgl_touch\src\USER\input.c", exit code: 1
  at unify_builder.Program.Main (System.String[] args) [0x018f4] in <82200d7cd0cf4a279c5fb9fc299a656f>:0 
---
".\src\USER\input.c", line 13: Error:  #147-D: declaration is incompatible with "void add_material(const char *)"  (declared at line 9 of ".\src\USER\input.h")
  void add_material(char *str)
       ^
".\src\USER\input.c", line 71: Error:  #167: argument of type "const char *" is incompatible with parameter of type "char *"
          add_material(str);
                       ^
.\src\USER\input.c: 0 warnings, 2 errors

[2022-04-24 18:00:44]	compilation failed at : "h:\STM32\STM32F407ZGT6蓼전쯲療쯒Stm32F4_Lvgl_touch\src\USER\input.c", exit code: 1
  at unify_builder.Program.Main (System.String[] args) [0x018f4] in <82200d7cd0cf4a279c5fb9fc299a656f>:0 
---
".\src\USER\input.c", line 71: Error:  #167: argument of type "const char *" is incompatible with parameter of type "char *"
          add_material(str);
                       ^
.\src\USER\input.c: 0 warnings, 1 error

[2022-04-24 18:02:14]	[done]
	build successfully !

[2022-04-24 18:03:08]	[done]
	build successfully !

[2022-04-24 18:04:01]	[done]
	build successfully !

[2022-04-24 18:05:43]	compilation failed at : "h:\STM32\STM32F407ZGT6蓼전쯲療쯒Stm32F4_Lvgl_touch\src\USER\input.c", exit code: 1
  at unify_builder.Program.Main (System.String[] args) [0x018f4] in <82200d7cd0cf4a279c5fb9fc299a656f>:0 
---
".\src\USER\input.c", line 29: Error:  #7: unrecognized token
      i = 0;` 
            ^
".\src\USER\input.c", line 29: Error:  #29: expected an expression
      i = 0;` 
            ^
".\src\USER\input.c", line 32: Warning:  #12-D: parsing restarts here after previous syntax error
          Material_t[index].model[i++] = str[i];
                                               ^
".\src\USER\input.c", line 18: Warning:  #177-D: variable "buf"  was declared but never referenced
      char buf[20];
           ^
".\src\USER\input.c", line 19: Warning:  #177-D: variable "buf2"  was declared but never referenced
      char buf2[20];
           ^
.\src\USER\input.c: 3 warnings, 2 errors

[2022-04-24 18:05:56]	[done]
	build successfully !

[2022-04-24 18:07:59]	[done]
	build successfully !

[2022-04-24 18:10:43]	[done]
	build successfully !

[2022-05-04 11:18:24]	[done]
	build successfully !

[2022-05-04 11:46:42]	compilation failed at : "h:\STM32\STM32F407ZGT6줾햯썬\Stm32F4_Lvgl_touch\src\HARDWARE\manage.c", exit code: 1
  at unify_builder.Program.Main (System.String[] args) [0x01860] in <c833688a764e49d8a80e8dad07cf8dd9>:0 
---
".\src\HARDWARE\manage.c", line 4: Error:  #148: variable "mat_list"  has already been initialized
  struct Mat_list *mat_list = NULL;
                   ^
".\src\HARDWARE\manage.c", line 34: Warning:  #940-D: missing return statement at end of non-void function "List_add" 
  }
  ^
.\src\HARDWARE\manage.c: 1 warning, 1 error

[2022-05-04 11:47:21]	link failed !, exit code: 1
  at unify_builder.Program.Main (System.String[] args) [0x01a04] in <c833688a764e49d8a80e8dad07cf8dd9>:0 
---
Error: L6915E: Library reports error: __use_no_semihosting was requested, but _ttywrch was referenced
Finished: 0 information, 0 warning and 1 error messages.


[2022-05-04 11:48:11]	link failed !, exit code: 1
  at unify_builder.Program.Main (System.String[] args) [0x01a04] in <c833688a764e49d8a80e8dad07cf8dd9>:0 
---
Error: L6915E: Library reports error: __use_no_semihosting was requested, but _ttywrch was referenced
Finished: 0 information, 0 warning and 1 error messages.


[2022-05-04 11:48:36]	link failed !, exit code: 1
  at unify_builder.Program.Main (System.String[] args) [0x01a04] in <c833688a764e49d8a80e8dad07cf8dd9>:0 
---
Error: L6218E: Undefined symbol list_init (referred from main.o).
Not enough information to list image symbols.
Finished: 1 information, 0 warning and 1 error messages.


[2022-05-04 11:48:47]	[done]
	build successfully !

[2022-05-04 11:48:56]	link failed !, exit code: 1
  at unify_builder.Program.Main (System.String[] args) [0x01a04] in <c833688a764e49d8a80e8dad07cf8dd9>:0 
---
Error: L6915E: Library reports error: __use_no_semihosting was requested, but _ttywrch was referenced
Finished: 0 information, 0 warning and 1 error messages.


[2022-05-04 11:49:03]	compilation failed at : "h:\STM32\STM32F407ZGT6줾햯썬\Stm32F4_Lvgl_touch\src\HARDWARE\manage.c", exit code: 1
  at unify_builder.Program.Main (System.String[] args) [0x01860] in <c833688a764e49d8a80e8dad07cf8dd9>:0 
---
".\src\HARDWARE\manage.c", line 72: Error:  #127: expected a statement
  }
  ^
.\src\HARDWARE\manage.c: 0 warnings, 1 error

[2022-05-04 11:49:13]	[done]
	build successfully !

[2022-05-04 11:50:38]	link failed !, exit code: 1
  at unify_builder.Program.Main (System.String[] args) [0x01a04] in <c833688a764e49d8a80e8dad07cf8dd9>:0 
---
Error: L6915E: Library reports error: __use_no_semihosting was requested, but _ttywrch was referenced
Finished: 0 information, 0 warning and 1 error messages.


[2022-05-04 11:51:29]	[done]
	build successfully !

[2022-05-04 11:51:34]	link failed !, exit code: 1
  at unify_builder.Program.Main (System.String[] args) [0x01a04] in <c833688a764e49d8a80e8dad07cf8dd9>:0 
---
Error: L6915E: Library reports error: __use_no_semihosting was requested, but _ttywrch was referenced
Finished: 0 information, 0 warning and 1 error messages.


[2022-05-04 11:51:42]	[done]
	build successfully !

[2022-05-04 11:51:49]	link failed !, exit code: 1
  at unify_builder.Program.Main (System.String[] args) [0x01a04] in <c833688a764e49d8a80e8dad07cf8dd9>:0 
---
Error: L6915E: Library reports error: __use_no_semihosting was requested, but _ttywrch was referenced
Finished: 0 information, 0 warning and 1 error messages.


[2022-05-04 11:51:58]	[done]
	build successfully !

[2022-05-04 11:53:01]	[done]
	build successfully !

[2022-05-04 11:54:58]	[done]
	build successfully !

[2022-05-04 11:55:48]	[done]
	build successfully !

[2022-05-04 11:56:17]	[done]
	build successfully !

[2022-05-04 11:56:40]	[done]
	build successfully !

[2022-05-04 11:57:12]	[done]
	build successfully !

[2022-05-04 11:57:39]	[done]
	build successfully !

[2022-05-04 11:58:12]	[done]
	build successfully !

[2022-05-04 11:58:38]	[done]
	build successfully !

[2022-05-04 11:59:13]	[done]
	build successfully !

[2022-05-04 11:59:50]	[done]
	build successfully !

[2022-05-04 12:00:20]	[done]
	build successfully !

[2022-05-04 12:01:28]	[done]
	build successfully !

[2022-05-04 12:01:40]	[done]
	build successfully !

[2022-05-04 12:03:20]	[done]
	build successfully !

[2022-05-04 12:04:29]	[done]
	build successfully !

[2022-05-04 12:05:12]	[done]
	build successfully !

[2022-05-04 12:06:43]	compilation failed at : "h:\STM32\STM32F407ZGT6줾햯썬\Stm32F4_Lvgl_touch\src\HARDWARE\check.c", exit code: 1
  at unify_builder.Program.Main (System.String[] args) [0x01860] in <c833688a764e49d8a80e8dad07cf8dd9>:0 
---
".\src\HARDWARE\manage.h", line 27: Error:  #130: expected a "{"
  void list_init();
  ^
".\src\HARDWARE\check.c", line 12: Warning:  #12-D: parsing restarts here after previous syntax error
  {
  ^
".\src\HARDWARE\check.c", line 13: Error:  #20: identifier "index" is undefined
      Material_t[index].num++;
                 ^
".\src\HARDWARE\check.c", line 20: Error:  #20: identifier "index" is undefined
      if(Material_t[index].num>0)
                    ^
".\src\HARDWARE\check.c", line 23: Error:  #20: identifier "index" is undefined
                            Material_t[index].model, Material_t[index].num, Material_t[index].place, Material_t[index].parameter);
                                       ^
".\src\HARDWARE\check.c", line 28: Error:  #20: identifier "bg_obj" is undefined
      lv_obj_move_foreground(bg_obj);
                             ^
".\src\HARDWARE\check.c", line 60: Error:  #20: identifier "index" is undefined
      lv_label_set_text_fmt(title_label, "%s", Material_t[index].model);
                                                          ^
".\src\HARDWARE\check.c", line 79: Error:  #20: identifier "button" is undefined
          button[i] = lv_btn_create(check_obj, NULL);
          ^
".\src\HARDWARE\check.c", line 80: Error:  #20: identifier "btn_label" is undefined
          btn_label[i] = lv_label_create(button[i], NULL);
          ^
".\src\HARDWARE\check.c", line 83: Error:  #20: identifier "btn_label" is undefined
      lv_label_set_text(btn_label[0], "Add");
                        ^
".\src\HARDWARE\check.c", line 87: Error:  #20: identifier "button" is undefined
      lv_obj_set_event_cb(button[0], add_button_handler);
                          ^
".\src\HARDWARE\check.c", line 87: Error:  #20: identifier "add_button_handler" is undefined
      lv_obj_set_event_cb(button[0], add_button_handler);
                                     ^
".\src\HARDWARE\check.c", line 108: Error:  #20: identifier "index" is undefined
      Material_t[index].model, Material_t[index].num, Material_t[index].place, Material_t[index].parameter);
                 ^
.\src\HARDWARE\check.c: 1 warning, 12 errors

[2022-05-04 12:06:50]	[done]
	build successfully !

[2022-05-04 12:09:23]	[done]
	build successfully !

[2022-05-04 12:10:48]	[done]
	build successfully !

[2022-05-04 12:12:40]	[done]
	build successfully !

[2022-05-04 12:13:02]	[done]
	build successfully !

[2022-05-04 12:37:04]	[done]
	build successfully !

[2022-05-04 12:37:21]	[done]
	build successfully !

[2022-05-04 12:38:34]	[done]
	build successfully !

[2022-05-04 12:40:07]	[done]
	build successfully !

[2022-05-04 12:40:30]	[done]
	build successfully !

[2022-05-04 12:42:21]	[done]
	build successfully !

[2022-05-04 12:43:01]	[done]
	build successfully !

[2022-05-04 12:43:40]	[done]
	build successfully !

[2022-05-04 12:49:59]	[done]
	build successfully !

